
> admin-service@1.0.0 dev
> nodemon src/index.js

[33m[nodemon] 3.1.11[39m
[33m[nodemon] to restart at any time, enter `rs`[39m
[33m[nodemon] watching path(s): *.*[39m
[33m[nodemon] watching extensions: js,mjs,cjs,json[39m
[32m[nodemon] starting `node src/index.js`[39m
admin-service running on 4005
Admin-service connected to MongoDB
[32m[nodemon] restarting due to changes...[39m
[32m[nodemon] starting `node src/index.js`[39m
node:events:486
      throw er; // Unhandled 'error' event
      ^

Error: listen EADDRINUSE: address already in use :::4005
    at Server.setupListenHandle [as _listen2] (node:net:1940:16)
    at listenInCluster (node:net:1997:12)
    at Server.listen (node:net:2102:7)
    at app.listen (/Users/tahachakouat/Documents/rcw 3/admin-service/node_modules/express/lib/application.js:635:24)
    at Object.<anonymous> (/Users/tahachakouat/Documents/rcw 3/admin-service/src/index.js:547:5)
    at Module._compile (node:internal/modules/cjs/loader:1760:14)
    at Object..js (node:internal/modules/cjs/loader:1893:10)
    at Module.load (node:internal/modules/cjs/loader:1480:32)
    at Module._load (node:internal/modules/cjs/loader:1299:12)
    at TracingChannel.traceSync (node:diagnostics_channel:328:14)
Emitted 'error' event on Server instance at:
    at emitErrorNT (node:net:1976:8)
    at process.processTicksAndRejections (node:internal/process/task_queues:90:21) {
  code: 'EADDRINUSE',
  errno: -48,
  syscall: 'listen',
  address: '::',
  port: 4005
}

Node.js v24.10.0
[31m[nodemon] app crashed - waiting for file changes before starting...[39m
